<?xml version="1.0" encoding="UTF-8"?>
<!-- Generated by org.testng.reporters.JUnitReportReporter -->
<testsuite hostname="DESKTOP-2KGBMEP" name="cases.testLogin" tests="1" failures="0" timestamp="26 Apr 2021 03:39:18 GMT" time="3.197" errors="0">
  <testcase name="testLogin" time="3.197" classname="cases.testLogin"/>
</testsuite> <!-- cases.testLogin -->
