<?xml version="1.0" encoding="UTF-8"?>
<!-- Generated by org.testng.reporters.JUnitReportReporter -->
<testsuite hostname="DESKTOP-2KGBMEP" name="cases.testLogin" tests="4" failures="0" timestamp="8 May 2021 02:14:49 GMT" time="23.756" errors="0">
  <testcase name="testLogFailedCase" time="4.703" classname="cases.testLogin"/>
  <testcase name="testLogSuccessCase" time="8.350" classname="cases.testLogin"/>
  <testcase name="testLogFailedCase" time="5.254" classname="cases.testLogin"/>
  <testcase name="testLogFailedCase" time="5.449" classname="cases.testLogin"/>
</testsuite> <!-- cases.testLogin -->
