<?xml version="1.0" encoding="UTF-8"?>
<!-- Generated by org.testng.reporters.JUnitReportReporter -->
<testsuite hostname="DESKTOP-2KGBMEP" failures="0" tests="1" name="cases.testLogin" time="19.862" errors="0" timestamp="13 May 2021 07:51:10 GMT">
  <testcase classname="cases.testLogin" name="testLogSuccessCase" time="19.862"/>
</testsuite> <!-- cases.testLogin -->
